2026-07-22 14:46:09,130 INFO Debug log file: E:\workspace\Nicos-Weg-Sprechübungen\Nicos Weg A2\04 出行\DW-A2-E04-Im-Hotel\.debug-logs\nicos-weg-dialogue-note-20260722-144609-e-50837101.log
2026-07-22 14:46:09,130 INFO Start generating Nicos Weg note
2026-07-22 14:46:09,130 INFO URL count: 1
2026-07-22 14:46:09,130 INFO URL 1: https://learngerman.dw.com/zh/%E5%9C%A8%E5%93%AA%E9%87%8C/l-50820442/e-50837101
2026-07-22 14:46:09,130 INFO Requested output dir: E:\workspace\Nicos-Weg-Sprechübungen
2026-07-22 14:46:09,130 INFO Final output dir: E:\workspace\Nicos-Weg-Sprechübungen\Nicos Weg A2\04 出行\DW-A2-E04-Im-Hotel
2026-07-22 14:46:09,131 INFO Merged lesson=Im Hotel pages=1 blocks=2 vocab=32 grammar=3 manuscript_chars=1093
2026-07-22 14:46:10,514 INFO Downloaded https://radiodownloaddw-a.akamaihd.net/Events/dwelle/deutschkurse/nicosweg/kurse/a2/A2_E4_L2_S8_A1_Audio1.mp3 -> E:\workspace\Nicos-Weg-Sprechübungen\Nicos Weg A2\04 出行\DW-A2-E04-Im-Hotel\audio\A2-E4-L2-S8-A1-Audio1.mp3 (499584 bytes)
2026-07-22 14:46:11,809 INFO Downloaded https://radiodownloaddw-a.akamaihd.net/Events/dwelle/deutschkurse/nicosweg/kurse/a2/A2_E4_L2_S8_A2_Audio1.mp3 -> E:\workspace\Nicos-Weg-Sprechübungen\Nicos Weg A2\04 出行\DW-A2-E04-Im-Hotel\audio\A2-E4-L2-S8-A2-Audio1.mp3 (609600 bytes)
2026-07-22 14:46:14,173 INFO Downloaded https://radiodownloaddw-a.akamaihd.net/Events/dwelle/deutschkurse/nicosweg/wortschatz/BAKU_rechts_links_abbiegen.mp3 -> E:\workspace\Nicos-Weg-Sprechübungen\Nicos Weg A2\04 出行\DW-A2-E04-Im-Hotel\audio\BAKU-rechts-links-abbiegen.mp3 (127034 bytes)
2026-07-22 14:46:17,367 INFO Downloaded https://radiodownloaddw-a.akamaihd.net/Events/dwelle/deutschkurse/nicosweg/wortschatz/BAKU_A2_akzeptieren.mp3 -> E:\workspace\Nicos-Weg-Sprechübungen\Nicos Weg A2\04 出行\DW-A2-E04-Im-Hotel\audio\BAKU-A2-akzeptieren.mp3 (28544 bytes)
2026-07-22 14:46:23,333 INFO Downloaded https://radiodownloaddw-a.akamaihd.net/Events/dwelle/deutschkurse/nicosweg/wortschatz/BAKU_B1_angenehm.mp3 -> E:\workspace\Nicos-Weg-Sprechübungen\Nicos Weg A2\04 出行\DW-A2-E04-Im-Hotel\audio\BAKU-B1-angenehm.mp3 (20864 bytes)
2026-07-22 14:46:32,883 INFO Downloaded https://radiodownloaddw-a.akamaihd.net/Events/dwelle/deutschkurse/nicosweg/wortschatz/BAKU_A2_Aufenthalt.mp3 -> E:\workspace\Nicos-Weg-Sprechübungen\Nicos Weg A2\04 出行\DW-A2-E04-Im-Hotel\audio\BAKU-A2-Aufenthalt.mp3 (63488 bytes)
2026-07-22 14:46:34,108 INFO Downloaded https://radiodownloaddw-a.akamaihd.net/Events/dwelle/deutschkurse/nicosweg/wortschatz/BAKU_A2_Aufgabe.mp3 -> E:\workspace\Nicos-Weg-Sprechübungen\Nicos Weg A2\04 出行\DW-A2-E04-Im-Hotel\audio\BAKU-A2-Aufgabe.mp3 (53120 bytes)
2026-07-22 14:46:37,646 INFO Downloaded https://radiodownloaddw-a.akamaihd.net/Events/dwelle/deutschkurse/nicosweg/wortschatz/BAKU_A1_Ausweis.mp3 -> E:\workspace\Nicos-Weg-Sprechübungen\Nicos Weg A2\04 出行\DW-A2-E04-Im-Hotel\audio\BAKU-A1-Ausweis.mp3 (98005 bytes)
2026-07-22 14:46:38,920 INFO Downloaded https://radiodownloaddw-a.akamaihd.net/Events/dwelle/deutschkurse/nicosweg/wortschatz/BAKU_die_Badewanne.mp3 -> E:\workspace\Nicos-Weg-Sprechübungen\Nicos Weg A2\04 出行\DW-A2-E04-Im-Hotel\audio\BAKU-die-Badewanne.mp3 (113390 bytes)
2026-07-22 14:46:40,751 INFO Downloaded https://radiodownloaddw-a.akamaihd.net/Events/dwelle/deutschkurse/nicosweg/wortschatz/BAKU_B1_benoetigen.mp3 -> E:\workspace\Nicos-Weg-Sprechübungen\Nicos Weg A2\04 出行\DW-A2-E04-Im-Hotel\audio\BAKU-B1-benoetigen.mp3 (52032 bytes)
2026-07-22 14:46:41,780 INFO Downloaded https://radiodownloaddw-a.akamaihd.net/Events/dwelle/deutschkurse/nicosweg/wortschatz/BAKU_B1_Cocktail.mp3 -> E:\workspace\Nicos-Weg-Sprechübungen\Nicos Weg A2\04 出行\DW-A2-E04-Im-Hotel\audio\BAKU-B1-Cocktail.mp3 (50432 bytes)
2026-07-22 14:46:43,337 INFO Downloaded https://radiodownloaddw-a.akamaihd.net/Events/dwelle/deutschkurse/nicosweg/wortschatz/BAKU_A1_Doppelzimmer.mp3 -> E:\workspace\Nicos-Weg-Sprechübungen\Nicos Weg A2\04 出行\DW-A2-E04-Im-Hotel\audio\BAKU-A1-Doppelzimmer.mp3 (73344 bytes)
2026-07-22 14:46:46,991 INFO Downloaded https://radiodownloaddw-a.akamaihd.net/Events/dwelle/deutschkurse/nicosweg/wortschatz/BAKU_eine_Frage_beantworten.mp3 -> E:\workspace\Nicos-Weg-Sprechübungen\Nicos Weg A2\04 出行\DW-A2-E04-Im-Hotel\audio\BAKU-eine-Frage-beantworten.mp3 (90240 bytes)
2026-07-22 14:46:49,044 INFO Downloaded https://radiodownloaddw-a.akamaihd.net/Events/dwelle/deutschkurse/nicosweg/wortschatz/BAKU_A1_Einzelzimmer.mp3 -> E:\workspace\Nicos-Weg-Sprechübungen\Nicos Weg A2\04 出行\DW-A2-E04-Im-Hotel\audio\BAKU-A1-Einzelzimmer.mp3 (78336 bytes)
2026-07-22 14:46:49,551 INFO Downloaded https://radiodownloaddw-a.akamaihd.net/Events/dwelle/deutschkurse/nicosweg/wortschatz/BAKU_A2_erholsam.mp3 -> E:\workspace\Nicos-Weg-Sprechübungen\Nicos Weg A2\04 出行\DW-A2-E04-Im-Hotel\audio\BAKU-A2-erholsam.mp3 (33600 bytes)
2026-07-22 14:46:50,570 INFO Downloaded https://radiodownloaddw-a.akamaihd.net/Events/dwelle/deutschkurse/nicosweg/wortschatz/BAKU_A2_Fruehstuecksbuffet.mp3 -> E:\workspace\Nicos-Weg-Sprechübungen\Nicos Weg A2\04 出行\DW-A2-E04-Im-Hotel\audio\BAKU-A2-Fruehstuecksbuffet.mp3 (92928 bytes)
2026-07-22 14:46:51,261 INFO Downloaded https://radiodownloaddw-a.akamaihd.net/Events/dwelle/deutschkurse/nicosweg/wortschatz/BAKU_der_Gang.mp3 -> E:\workspace\Nicos-Weg-Sprechübungen\Nicos Weg A2\04 出行\DW-A2-E04-Im-Hotel\audio\BAKU-der-Gang.mp3 (92078 bytes)
2026-07-22 14:46:52,248 INFO Downloaded https://radiodownloaddw-a.akamaihd.net/Events/dwelle/deutschkurse/nicosweg/wortschatz/BAKU_A1_gleich.mp3 -> E:\workspace\Nicos-Weg-Sprechübungen\Nicos Weg A2\04 出行\DW-A2-E04-Im-Hotel\audio\BAKU-A1-gleich.mp3 (20736 bytes)
2026-07-22 14:46:53,969 INFO Downloaded https://radiodownloaddw-a.akamaihd.net/Events/dwelle/deutschkurse/nicosweg/wortschatz/BAKU_A2_Haustier.mp3 -> E:\workspace\Nicos-Weg-Sprechübungen\Nicos Weg A2\04 出行\DW-A2-E04-Im-Hotel\audio\BAKU-A2-Haustier.mp3 (57344 bytes)
2026-07-22 14:46:56,453 INFO Downloaded https://radiodownloaddw-a.akamaihd.net/Events/dwelle/deutschkurse/nicosweg/wortschatz/BAKU_A2_Hotelmanager.mp3 -> E:\workspace\Nicos-Weg-Sprechübungen\Nicos Weg A2\04 出行\DW-A2-E04-Im-Hotel\audio\BAKU-A2-Hotelmanager.mp3 (81984 bytes)
2026-07-22 14:46:59,678 INFO Downloaded https://radiodownloaddw-a.akamaihd.net/Events/dwelle/deutschkurse/nicosweg/wortschatz/BAKU_A2_Hotelmanagerin.mp3 -> E:\workspace\Nicos-Weg-Sprechübungen\Nicos Weg A2\04 出行\DW-A2-E04-Im-Hotel\audio\BAKU-A2-Hotelmanagerin.mp3 (92928 bytes)
2026-07-22 14:47:02,007 INFO Downloaded https://radiodownloaddw-a.akamaihd.net/Events/dwelle/deutschkurse/nicosweg/wortschatz/BAKU_A2_inbegriffen.mp3 -> E:\workspace\Nicos-Weg-Sprechübungen\Nicos Weg A2\04 出行\DW-A2-E04-Im-Hotel\audio\BAKU-A2-inbegriffen.mp3 (35328 bytes)
2026-07-22 14:47:04,397 INFO Downloaded https://radiodownloaddw-a.akamaihd.net/Events/dwelle/deutschkurse/nicosweg/wortschatz/BAKU_A1_Pension.mp3 -> E:\workspace\Nicos-Weg-Sprechübungen\Nicos Weg A2\04 出行\DW-A2-E04-Im-Hotel\audio\BAKU-A1-Pension.mp3 (65280 bytes)
2026-07-22 14:47:07,382 INFO Downloaded https://radiodownloaddw-a.akamaihd.net/Events/dwelle/deutschkurse/nicosweg/wortschatz/BAKU_A2_Reisepass.mp3 -> E:\workspace\Nicos-Weg-Sprechübungen\Nicos Weg A2\04 出行\DW-A2-E04-Im-Hotel\audio\BAKU-A2-Reisepass.mp3 (58880 bytes)
2026-07-22 14:47:10,383 INFO Downloaded https://radiodownloaddw-a.akamaihd.net/Events/dwelle/deutschkurse/nicosweg/wortschatz/BAKU_A1_Rezeption.mp3 -> E:\workspace\Nicos-Weg-Sprechübungen\Nicos Weg A2\04 出行\DW-A2-E04-Im-Hotel\audio\BAKU-A1-Rezeption.mp3 (73344 bytes)
2026-07-22 14:47:12,063 INFO Downloaded https://radiodownloaddw-a.akamaihd.net/Events/dwelle/deutschkurse/nicosweg/wortschatz/BAKU_A1_Rezeptionist.mp3 -> E:\workspace\Nicos-Weg-Sprechübungen\Nicos Weg A2\04 出行\DW-A2-E04-Im-Hotel\audio\BAKU-A1-Rezeptionist.mp3 (59648 bytes)
2026-07-22 14:47:15,933 INFO Downloaded https://radiodownloaddw-a.akamaihd.net/Events/dwelle/deutschkurse/nicosweg/wortschatz/BAKU_A1_Rezeptionistin.mp3 -> E:\workspace\Nicos-Weg-Sprechübungen\Nicos Weg A2\04 出行\DW-A2-E04-Im-Hotel\audio\BAKU-A1-Rezeptionistin.mp3 (65024 bytes)
2026-07-22 14:47:20,263 INFO Downloaded https://radiodownloaddw-a.akamaihd.net/Events/dwelle/deutschkurse/nicosweg/wortschatz/BAKU_A2_Roomboy.mp3 -> E:\workspace\Nicos-Weg-Sprechübungen\Nicos Weg A2\04 出行\DW-A2-E04-Im-Hotel\audio\BAKU-A2-Roomboy.mp3 (75648 bytes)
2026-07-22 14:47:21,145 INFO Downloaded https://radiodownloaddw-a.akamaihd.net/Events/dwelle/deutschkurse/nicosweg/wortschatz/BAKU_A1_Sauna.mp3 -> E:\workspace\Nicos-Weg-Sprechübungen\Nicos Weg A2\04 出行\DW-A2-E04-Im-Hotel\audio\BAKU-A1-Sauna.mp3 (53760 bytes)
2026-07-22 14:47:22,002 INFO Downloaded https://radiodownloaddw-a.akamaihd.net/Events/dwelle/deutschkurse/nicosweg/wortschatz/BAKU_A2_Schlafsaal.mp3 -> E:\workspace\Nicos-Weg-Sprechübungen\Nicos Weg A2\04 出行\DW-A2-E04-Im-Hotel\audio\BAKU-A2-Schlafsaal.mp3 (75072 bytes)
2026-07-22 14:47:24,217 INFO Downloaded https://radiodownloaddw-a.akamaihd.net/Events/dwelle/deutschkurse/nicosweg/wortschatz/BAKU_B1_sorgen.mp3 -> E:\workspace\Nicos-Weg-Sprechübungen\Nicos Weg A2\04 出行\DW-A2-E04-Im-Hotel\audio\BAKU-B1-sorgen.mp3 (17792 bytes)
2026-07-22 14:47:24,542 INFO Downloaded https://radiodownloaddw-a.akamaihd.net/Events/dwelle/deutschkurse/nicosweg/wortschatz/BAKU_A2_stressig.mp3 -> E:\workspace\Nicos-Weg-Sprechübungen\Nicos Weg A2\04 出行\DW-A2-E04-Im-Hotel\audio\BAKU-A2-stressig.mp3 (21248 bytes)
2026-07-22 14:47:27,608 INFO Downloaded https://radiodownloaddw-a.akamaihd.net/Events/dwelle/deutschkurse/nicosweg/wortschatz/BAKU_A2_Uebernachtung.mp3 -> E:\workspace\Nicos-Weg-Sprechübungen\Nicos Weg A2\04 出行\DW-A2-E04-Im-Hotel\audio\BAKU-A2-Uebernachtung.mp3 (74496 bytes)
2026-07-22 14:47:31,109 INFO Downloaded https://radiodownloaddw-a.akamaihd.net/Events/dwelle/deutschkurse/nicosweg/wortschatz/BAKU_A2_Zimmermaedchen.mp3 -> E:\workspace\Nicos-Weg-Sprechübungen\Nicos Weg A2\04 出行\DW-A2-E04-Im-Hotel\audio\BAKU-A2-Zimmermaedchen.mp3 (91200 bytes)
2026-07-22 14:47:31,110 INFO Wrote note: E:\workspace\Nicos-Weg-Sprechübungen\Nicos Weg A2\04 出行\DW-A2-E04-Im-Hotel\DW-A2-E04-Im-Hotel.md
2026-07-22 14:47:31,113 INFO Wrote manuscript prompt card: E:\workspace\Nicos-Weg-Sprechübungen\Nicos Weg A2\04 出行\DW-A2-E04-Im-Hotel\DW-A2-E04-Im-Hotel-课文练习提示卡.md turns=11 sources={'课文对话': 11}
2026-07-22 14:47:31,115 INFO Wrote exercise prompt card: E:\workspace\Nicos-Weg-Sprechübungen\Nicos Weg A2\04 出行\DW-A2-E04-Im-Hotel\DW-A2-E04-Im-Hotel-对话练习提示卡-01.md page=1 turns=9 sources={'对话练习 1': 5, '对话练习 2': 4}
2026-07-22 14:49:00 INFO Manual refinement: filled Chinese prompt-card fields for manuscript and exercise prompt cards.
2026-07-22 14:49:00 INFO Manual refinement: replaced unresolved cloze placeholders with answer-table values: Tür, Aufzug, Etage, Nummer, links, rechts.
2026-07-22 14:49:00 INFO Validation: pytest tests/test_fetch_nicos_weg_lesson.py - 39 passed.
2026-07-22 14:49:00 INFO Validation: quick_validate.py completed with 'Skill is valid!' using PYTHONUTF8=1.
2026-07-22 14:49:00 INFO Validation: final rg scan found no residual placeholders, replacement characters, raw details/summary HTML, or bad speaker formatting.
2026-07-22 14:50:00 INFO Manual refinement: normalized generated grammar heading emphasis for oder; final scan passed.
